<?xml version="1.0" encoding="UTF-8"?>
<!-- Generated by org.testng.reporters.JUnitReportReporter -->
<testsuite skipped="0" hostname="DESKTOP-NEO7OOB" name="TestNG_class.TestNG_prog.AppTest" tests="1" failures="0" timestamp="31 May 2021 09:47:09 GMT" time="0.008" errors="0">
  <testcase name="shouldAnswerWithTrue" time="0.008" classname="TestNG_class.TestNG_prog.AppTest"/>
</testsuite> <!-- TestNG_class.TestNG_prog.AppTest -->
